<?xml version="1.0" encoding="UTF-8"?>
<testng-results skipped="0" failed="0" ignored="0" total="1" passed="1">
  <reporter-output>
  </reporter-output>
  <suite name="Suite" duration-ms="50" started-at="2020-08-03T10:02:18 UTC" finished-at="2020-08-03T10:02:18 UTC">
    <groups>
    </groups>
    <test name="Test" duration-ms="50" started-at="2020-08-03T10:02:18 UTC" finished-at="2020-08-03T10:02:18 UTC">
      <class name="test.testng">
        <test-method status="PASS" signature="res()[pri:0, instance:test.testng@2ac273d3]" name="res" duration-ms="12" started-at="2020-08-03T10:02:18 UTC" finished-at="2020-08-03T10:02:18 UTC">
          <reporter-output>
          </reporter-output>
        </test-method> <!-- res -->
      </class> <!-- test.testng -->
    </test> <!-- Test -->
  </suite> <!-- Suite -->
</testng-results>
